
ROM used:   73/8192 (1%)
            73/8192 (1%) including unused fragments

            0.1 Average locations per line
            4.9 Average locations per statement

RAM used:   6/368 (2%) at main() level
            7/368 (2%) worst case

Stack used: 0 worst case (0 in main + 0 for interrupts)
Stack size: 8

Lines Stmts  %   Files
----- ----- ---  -----
   38    15 100  Led_Blinking_877.c
   17     0   0  Led_Blinking_877.h
  629     0   0  ..\..\..\..\..\..\..\Program Files (x86)\PICC\Devices\16F877.h
----- -----
  684    15 Total

Page ROM  %  RAM   Vol Diff  Functions:
---- --- --- ---   --- ----  ----------
0     20  27    1             @delay_ms1
0     49  67    1   321  2.3  main
 Inline         0             @cinit1

Program metrics:
    Functions               1
    Statements              15
    Comments                145
    Volume (V)              325
    Difficulty (D)          2.2
    Effort to implement (E) 715
    Time to implement (T)   1 minutes
    Est Delivered Bugs (B)  0
    Cyclomatic Complexity   1
    Maintainability (MI)    87

 Segment     Used  Free
-----------  ----  ----
00000-00003     4  0  
00004-007FF    69  1975  
00800-00FFF     0  2048  
01000-017FF     0  2048  
01800-01FFF     0  2048  



