
ROM used:   149/8192 (2%)
            149/8192 (2%) including unused fragments

            0.2 Average locations per line
            6.2 Average locations per statement

RAM used:   13/368 (4%) at main() level
            15/368 (4%) worst case

Stack used: 1 worst case (0 in main + 1 for interrupts)
Stack size: 8

Lines Stmts  %   Files
----- ----- ---  -----
   54    24 100  External_Interrupt.c
   18     0   0  External_Interrupt.h
  629     0   0  ..\..\..\..\..\..\..\Program Files (x86)\PICC\Devices\16F877.h
----- -----
  701    24 Total

Page ROM  %  RAM   Vol Diff  Functions:
---- --- --- ---   --- ----  ----------
0     20  13    1             @delay_ms1
0     43  29    1   238  3.2  ext_interrupt
0     39  26    0   295  2.3  MAIN
 Inline         0             @cinit1

Program metrics:
    Functions               2
    Statements              24
    Comments                155
    Volume (V)              643
    Difficulty (D)          5.3
    Effort to implement (E) 3437
    Time to implement (T)   3 minutes
    Est Delivered Bugs (B)  0
    Cyclomatic Complexity   1
    Maintainability (MI)    145

 Segment     Used  Free
-----------  ----  ----
00000-00003     4  0  
00004-0002E    43  0  
0002F-007FF   102  1899  
00800-00FFF     0  2048  
01000-017FF     0  2048  
01800-01FFF     0  2048  



