
ROM used:   191/8192 (2%)
            191/8192 (2%) including unused fragments

            0.3 Average locations per line
            4.9 Average locations per statement

RAM used:   9/368 (2%) at main() level
            11/368 (3%) worst case

Stack used: 0 worst case (0 in main + 0 for interrupts)
Stack size: 8

Lines Stmts  %   Files
----- ----- ---  -----
   88    39 100  Up_And_Down_Counter.c
   19     0   0  Up_And_Down_Counter.h
  629     0   0  ..\..\..\..\..\..\..\Program Files (x86)\PICC\Devices\16F877.h
----- -----
  736    39 Total

Page ROM  %  RAM   Vol Diff  Functions:
---- --- --- ---   --- ----  ----------
0     20  10    1             @delay_ms1
0     14   7    0             @const615
0    132  69    1  1244  7.8  main
0     21  11    3             @DIV88
 Inline         0             @cinit1

Program metrics:
    Functions               1
    Statements              39
    Comments                167
    Volume (V)              1254
    Difficulty (D)          7.5
    Effort to implement (E) 9370
    Time to implement (T)   9 minutes
    Est Delivered Bugs (B)  0
    Cyclomatic Complexity   3
    Maintainability (MI)    120

 Segment     Used  Free
-----------  ----  ----
00000-00003     4  0  
00004-007FF   187  1857  
00800-00FFF     0  2048  
01000-017FF     0  2048  
01800-01FFF     0  2048  



