
ROM used:   115/8192 (1%)
            115/8192 (1%) including unused fragments

            0.2 Average locations per line
            6.1 Average locations per statement

RAM used:   8/368 (2%) at main() level
            9/368 (2%) worst case

Stack used: 0 worst case (0 in main + 0 for interrupts)
Stack size: 8

Lines Stmts  %   Files
----- ----- ---  -----
   50    19 100  Display_Drive_74164_IC.c
   18     0   0  Display_Drive_74164_IC.h
  629     0   0  ..\..\..\..\..\..\..\Program Files (x86)\PICC\Devices\16F877.h
----- -----
  697    19 Total

Page ROM  %  RAM   Vol Diff  Functions:
---- --- --- ---   --- ----  ----------
0     22  19    1             @delay_ms1
0     14  12    0    14  0.8  @const612
0     75  65    1   555  4.8  main
 Inline         0             @cinit1

Program metrics:
    Functions               2
    Statements              19
    Comments                152
    Volume (V)              607
    Difficulty (D)          5.8
    Effort to implement (E) 3545
    Time to implement (T)   3 minutes
    Est Delivered Bugs (B)  0
    Cyclomatic Complexity   2
    Maintainability (MI)    145

 Segment     Used  Free
-----------  ----  ----
00000-00003     4  0  
00004-007FF   111  1933  
00800-00FFF     0  2048  
01000-017FF     0  2048  
01800-01FFF     0  2048  



