
ROM used:   100/8192 (1%)
            100/8192 (1%) including unused fragments

            0.1 Average locations per line
            5.9 Average locations per statement

RAM used:   7/368 (2%) at main() level
            8/368 (2%) worst case

Stack used: 0 worst case (0 in main + 0 for interrupts)
Stack size: 8

Lines Stmts  %   Files
----- ----- ---  -----
   44    17 100  (0-F)_Display_Counter.c
   19     0   0  (0-F)_Display_Counter.h
  629     0   0  ..\..\..\..\..\..\..\Program Files (x86)\PICC\Devices\16F877.h
----- -----
  692    17 Total

Page ROM  %  RAM   Vol Diff  Functions:
---- --- --- ---   --- ----  ----------
0     22  22    1             @delay_ms1
0     20  20    0             @const613
0     54  54    1   428  4.7  main
 Inline         0             @cinit1

Program metrics:
    Functions               1
    Statements              17
    Comments                147
    Volume (V)              435
    Difficulty (D)          4.4
    Effort to implement (E) 1901
    Time to implement (T)   2 minutes
    Est Delivered Bugs (B)  0
    Cyclomatic Complexity   1
    Maintainability (MI)    90

 Segment     Used  Free
-----------  ----  ----
00000-00003     4  0  
00004-007FF    96  1948  
00800-00FFF     0  2048  
01000-017FF     0  2048  
01800-01FFF     0  2048  



