
ROM used:   110/8192 (1%)
            110/8192 (1%) including unused fragments

            0.2 Average locations per line
            4.2 Average locations per statement

RAM used:   7/368 (2%) at main() level
            7/368 (2%) worst case

Stack used: 0 worst case (0 in main + 0 for interrupts)
Stack size: 8

Lines Stmts  %   Files
----- ----- ---  -----
   52    26 100  Port_Multiplexing_74138_IC.c
   18     0   0  Port_Multiplexing_74138_IC.h
  629     0   0  ..\..\..\..\..\..\..\Program Files (x86)\PICC\Devices\16F877.h
----- -----
  699    26 Total

Page ROM  %  RAM   Vol Diff  Functions:
---- --- --- ---   --- ----  ----------
0     20  18    1             @delay_ms1
0     86  78    1   824  4.8  main
 Inline         0             @cinit1

Program metrics:
    Functions               1
    Statements              26
    Comments                149
    Volume (V)              829
    Difficulty (D)          4.7
    Effort to implement (E) 3884
    Time to implement (T)   4 minutes
    Est Delivered Bugs (B)  0
    Cyclomatic Complexity   4
    Maintainability (MI)    85

 Segment     Used  Free
-----------  ----  ----
00000-00003     4  0  
00004-007FF   106  1938  
00800-00FFF     0  2048  
01000-017FF     0  2048  
01800-01FFF     0  2048  



