
ROM used:   141/8192 (2%)
            141/8192 (2%) including unused fragments

            0.2 Average locations per line
            4.5 Average locations per statement

RAM used:   12/368 (3%) at main() level
            14/368 (4%) worst case

Stack used: 1 worst case (0 in main + 1 for interrupts)
Stack size: 8

Lines Stmts  %   Files
----- ----- ---  -----
   61    31 100  Change_Interrupt_PortB.c
   19     0   0  Change_Interrupt_PortB.h
  629     0   0  ..\..\..\..\..\..\..\Program Files (x86)\PICC\Devices\16F877.h
----- -----
  709    31 Total

Page ROM  %  RAM   Vol Diff  Functions:
---- --- --- ---   --- ----  ----------
0     20  14    1             @delay_ms1
0     39  28    1   362  2.3  change_b_interrupt
0     35  25    0   270  2.3  MAIN
 Inline         0             @cinit1

Program metrics:
    Functions               2
    Statements              31
    Comments                159
    Volume (V)              760
    Difficulty (D)          4.5
    Effort to implement (E) 3420
    Time to implement (T)   3 minutes
    Est Delivered Bugs (B)  0
    Cyclomatic Complexity   4
    Maintainability (MI)    143

 Segment     Used  Free
-----------  ----  ----
00000-00003     4  0  
00004-0002E    43  0  
0002F-007FF    94  1907  
00800-00FFF     0  2048  
01000-017FF     0  2048  
01800-01FFF     0  2048  



